<?xml version="1.0" encoding="UTF-8"?>
<testng-results skipped="0" failed="0" total="1" passed="1">
  <reporter-output>
  </reporter-output>
  <suite name="FirstMvn.FirstMvn.AppTest" duration-ms="29" started-at="2018-07-30T17:06:31Z" finished-at="2018-07-30T17:06:31Z">
    <groups>
    </groups>
    <test name="Command line test" duration-ms="29" started-at="2018-07-30T17:06:31Z" finished-at="2018-07-30T17:06:31Z">
      <class name="FirstMvn.FirstMvn.AppTest">
        <test-method status="PASS" signature="appTest()[pri:0, instance:FirstMvn.FirstMvn.AppTest@c818063]" name="appTest" duration-ms="10" started-at="2018-07-30T22:36:31Z" finished-at="2018-07-30T22:36:31Z">
          <reporter-output>
          </reporter-output>
        </test-method> <!-- appTest -->
      </class> <!-- FirstMvn.FirstMvn.AppTest -->
    </test> <!-- Command line test -->
  </suite> <!-- FirstMvn.FirstMvn.AppTest -->
</testng-results>
